<?xml version="1.0" encoding="UTF-8"?>
<!-- Generated by org.testng.reporters.JUnitReportReporter -->
<testsuite hostname="ENCDAPPUNLT0302" failures="0" tests="1" name="api.tests.UserTests" time="4.844" errors="0" timestamp="2024-02-27T12:19:48 IST" skipped="0">
  <testcase classname="api.tests.UserTests" name="updateuserByName" time="4.844"/>
  <system-out/>
</testsuite> <!-- api.tests.UserTests -->
