<?xml version="1.0" encoding="UTF-8"?>
<!-- Generated by org.testng.reporters.JUnitReportReporter -->
<testsuite hostname="ENCDAPPUNLT0302" failures="0" tests="1" name="TestPackage.JsonSchemaValidation" time="2.232" errors="0" timestamp="2024-02-19T20:16:39 IST" skipped="0">
  <testcase classname="TestPackage.JsonSchemaValidation" name="jsonschemavalidation" time="2.232"/>
  <system-out/>
</testsuite> <!-- TestPackage.JsonSchemaValidation -->
