<?xml version="1.0" encoding="UTF-8"?>
<!-- Generated by org.testng.reporters.JUnitReportReporter -->
<testsuite hostname="ENCDAPPUNLT0302" failures="0" tests="3" name="TestClassPackages.HeaderDemo" time="3.427" errors="0" timestamp="2024-02-15T19:42:46 IST" skipped="0">
  <testcase classname="TestClassPackages.HeaderDemo" name="getAllheaderinfo" time="2.230"/>
  <system-out/>
  <testcase classname="TestClassPackages.HeaderDemo" name="getSingleheaderinfo" time="0.558"/>
  <system-out/>
  <testcase classname="TestClassPackages.HeaderDemo" name="getheaders" time="0.639"/>
  <system-out/>
</testsuite> <!-- TestClassPackages.HeaderDemo -->
