<?xml version="1.0" encoding="UTF-8"?>
<!-- Generated by org.testng.reporters.JUnitReportReporter -->
<testsuite hostname="ENCDAPPUNLT0302" failures="0" tests="1" name="Class3.ParsingXmlResponse" time="2.441" errors="0" timestamp="2024-01-03T14:28:33 IST" skipped="0">
  <testcase classname="Class3.ParsingXmlResponse" name="testXMLResponseanotherValidation" time="2.441"/>
  <system-out/>
</testsuite> <!-- Class3.ParsingXmlResponse -->
