<?xml version="1.0" encoding="UTF-8"?>
<!-- Generated by org.testng.reporters.JUnitReportReporter -->
<testsuite hostname="ENCDAPPUNLT0302" failures="0" tests="3" name="Classes.HttpRequests" time="4.974" errors="0" timestamp="2023-12-18T12:27:59 IST" skipped="0">
  <testcase classname="Classes.HttpRequests" name="getUsers" time="2.954"/>
  <system-out/>
  <testcase classname="Classes.HttpRequests" name="createuser" time="1.186"/>
  <system-out/>
  <testcase classname="Classes.HttpRequests" name="Updateuser" time="0.834"/>
  <system-out/>
</testsuite> <!-- Classes.HttpRequests -->
