<?xml version="1.0" encoding="UTF-8"?>
<!-- Generated by org.testng.reporters.JUnitReportReporter -->
<testsuite hostname="ENCDAPPUNLT0302" failures="0" tests="1" name="TestPackage.ParsingData" time="1.780" errors="0" timestamp="2024-02-15T14:29:19 IST" skipped="0">
  <testcase classname="TestPackage.ParsingData" name="testParsingusingJsonResponseData" time="1.780"/>
  <system-out/>
</testsuite> <!-- TestPackage.ParsingData -->
