<?xml version="1.0" encoding="UTF-8"?>
<!-- Generated by org.testng.reporters.JUnitReportReporter -->
<testsuite hostname="ENCDAPPUNLT0302" failures="0" tests="1" name="TestClassPackages.PojoClass" time="3.085" errors="0" timestamp="2024-02-13T19:34:30 IST" skipped="0">
  <testcase classname="TestClassPackages.PojoClass" name="testUsingPojo" time="3.085"/>
  <system-out/>
</testsuite> <!-- TestClassPackages.PojoClass -->
