<?xml version="1.0" encoding="UTF-8"?>
<!-- Generated by org.testng.reporters.JUnitReportReporter -->
<testsuite hostname="ENCDAPPUNLT0302" failures="0" tests="1" name="TestPackage.AuthenticationAndAuthoriation" time="4.476" errors="0" timestamp="2024-02-19T20:22:52 IST" skipped="0">
  <testcase classname="TestPackage.AuthenticationAndAuthoriation" name="testBaererToken" time="4.476"/>
  <system-out/>
</testsuite> <!-- TestPackage.AuthenticationAndAuthoriation -->
