<?xml version="1.0" encoding="UTF-8"?>
<!-- Generated by org.testng.reporters.JUnitReportReporter -->
<testsuite hostname="ENCDAPPUNLT0302" failures="0" tests="1" name="TestClassPackages.CookiesDemo" time="2.874" errors="0" timestamp="2024-02-15T19:40:22 IST" skipped="0">
  <testcase classname="TestClassPackages.CookiesDemo" name="getDetailedcookies" time="2.874"/>
  <system-out/>
</testsuite> <!-- TestClassPackages.CookiesDemo -->
