<?xml version="1.0" encoding="UTF-8"?>
<!-- Generated by org.testng.reporters.JUnitReportReporter -->
<testsuite hostname="ENCDAPPUNLT0302" failures="0" tests="1" name="TestClassPackages.PathAndQueryParameter" time="1.859" errors="0" timestamp="2024-02-15T12:15:27 IST" skipped="0">
  <testcase classname="TestClassPackages.PathAndQueryParameter" name="testPathandQueryParameter" time="1.859"/>
  <system-out/>
</testsuite> <!-- TestClassPackages.PathAndQueryParameter -->
