<?xml version="1.0" encoding="UTF-8"?>
<!-- Generated by org.testng.reporters.JUnitReportReporter -->
<testsuite hostname="ENCDAPPUNLT0302" failures="0" tests="3" name="TestClassPackages.HttpRequests" time="5.506" errors="0" timestamp="2024-02-12T14:47:03 IST" skipped="0">
  <testcase classname="TestClassPackages.HttpRequests" name="getUsers" time="3.584"/>
  <system-out/>
  <testcase classname="TestClassPackages.HttpRequests" name="CreateUser" time="1.237"/>
  <system-out/>
  <testcase classname="TestClassPackages.HttpRequests" name="UpdateUser" time="0.685"/>
  <system-out/>
</testsuite> <!-- TestClassPackages.HttpRequests -->
