<?xml version="1.0" encoding="UTF-8"?>
<!-- Generated by org.testng.reporters.JUnitReportReporter -->
<testsuite hostname="ENCDAPPUNLT0302" failures="0" tests="1" name="TestClassPackages.JsonFile" time="1.865" errors="0" timestamp="2024-02-15T19:34:12 IST" skipped="0">
  <testcase classname="TestClassPackages.JsonFile" name="testPostUsingJson" time="1.865"/>
  <system-out/>
</testsuite> <!-- TestClassPackages.JsonFile -->
