<?xml version="1.0" encoding="UTF-8"?>
<!-- Generated by org.testng.reporters.JUnitReportReporter -->
<testsuite hostname="ENCDAPPUNLT0302" failures="0" tests="2" name="Classes.CreateRequestusingJsonLibrary" time="1.258" errors="0" timestamp="2023-12-28T12:07:19 IST" skipped="0">
  <testcase classname="Classes.CreateRequestusingJsonLibrary" name="UsingJsonLibrary" time="1.213"/>
  <system-out/>
  <testcase classname="Classes.CreateRequestusingJsonLibrary" name="testDelete" time="0.045"/>
  <system-out/>
</testsuite> <!-- Classes.CreateRequestusingJsonLibrary -->
