<?xml version="1.0" encoding="UTF-8"?>
<!-- Generated by org.testng.reporters.JUnitReportReporter -->
<testsuite hostname="ENCDAPPUNLT0302" failures="0" tests="1" name="TypesofAuthorization.FakerData" time="0.241" errors="0" timestamp="2024-01-05T11:06:55 IST" skipped="0">
  <testcase classname="TypesofAuthorization.FakerData" name="testgenereteDummyDate" time="0.241"/>
  <system-out/>
</testsuite> <!-- TypesofAuthorization.FakerData -->
