<?xml version="1.0" encoding="UTF-8"?>
<!-- Generated by org.testng.reporters.JUnitReportReporter -->
<testsuite hostname="ENCDAPPUNLT0302" failures="0" tests="1" name="Class3.Serialization" time="0.217" errors="0" timestamp="2024-01-05T14:00:59 IST" skipped="0">
  <testcase classname="Class3.Serialization" name="testSerialization" time="0.217"/>
  <system-out/>
</testsuite> <!-- Class3.Serialization -->
