<?xml version="1.0" encoding="UTF-8"?>
<!-- Generated by org.testng.reporters.JUnitReportReporter -->
<testsuite hostname="ENCDAPPUNLT0302" failures="0" tests="1" name="Class3.XMLSchemaValidation" time="1.621" errors="0" timestamp="2024-01-05T13:56:54 IST" skipped="0">
  <testcase classname="Class3.XMLSchemaValidation" name="testxmlschemavalidation" time="1.621"/>
  <system-out/>
</testsuite> <!-- Class3.XMLSchemaValidation -->
