<?xml version="1.0" encoding="UTF-8"?>
<!-- Generated by org.testng.reporters.JUnitReportReporter -->
<testsuite hostname="ENCDAPPUNLT0302" failures="0" tests="1" name="Apichaining.GetUser" time="1.024" errors="0" timestamp="2024-02-21T19:56:27 IST" skipped="0">
  <testcase classname="Apichaining.GetUser" name="getuser" time="1.024"/>
  <system-out/>
</testsuite> <!-- Apichaining.GetUser -->
