<?xml version="1.0" encoding="UTF-8"?>
<!-- Generated by org.testng.reporters.JUnitReportReporter -->
<testsuite hostname="ENCDAPPUNLT0302" failures="0" tests="1" name="Apichaining.UpdateUser" time="1.075" errors="0" timestamp="2024-02-21T19:56:27 IST" skipped="0">
  <testcase classname="Apichaining.UpdateUser" name="updateuser" time="1.075"/>
  <system-out/>
</testsuite> <!-- Apichaining.UpdateUser -->
