<?xml version="1.0" encoding="UTF-8"?>
<!-- Generated by org.testng.reporters.JUnitReportReporter -->
<testsuite hostname="ENCDAPPUNLT0302" failures="0" tests="2" name="Classes.ExternalFile" time="1.297" errors="0" timestamp="2023-12-28T12:08:51 IST" skipped="1">
  <testcase classname="Classes.ExternalFile" name="usingExternalFile" time="1.297"/>
  <system-out/>
  <testcase classname="Classes.ExternalFile" name="testDelete">
    <skipped/>
  </testcase> <!-- testDelete -->
  <system-out/>
</testsuite> <!-- Classes.ExternalFile -->
