<?xml version="1.0" encoding="UTF-8"?>
<!-- Generated by org.testng.reporters.JUnitReportReporter -->
<testsuite hostname="ENCDAPPUNLT0302" failures="0" tests="1" name="Classes.CookiesDemo" time="1.728" errors="0" timestamp="2023-12-28T14:36:30 IST" skipped="0">
  <testcase classname="Classes.CookiesDemo" name="getcookiesinfo" time="1.728"/>
  <system-out/>
</testsuite> <!-- Classes.CookiesDemo -->
