<?xml version="1.0" encoding="UTF-8"?>
<!-- Generated by org.testng.reporters.JUnitReportReporter -->
<testsuite hostname="ENCDAPPUNLT0302" failures="0" tests="1" name="Classes.HeadersDemo" time="1.932" errors="0" timestamp="2023-12-29T11:41:00 IST" skipped="0">
  <testcase classname="Classes.HeadersDemo" name="headersdemo" time="1.932"/>
  <system-out/>
</testsuite> <!-- Classes.HeadersDemo -->
