<?xml version="1.0" encoding="UTF-8"?>
<!-- Generated by org.testng.reporters.JUnitReportReporter -->
<testsuite hostname="ENCDAPPUNLT0302" failures="0" tests="3" name="TypesofAuthorization.BasicAuthentication" time="6.878" errors="0" timestamp="2024-01-04T14:11:01 IST" skipped="0">
  <testcase classname="TypesofAuthorization.BasicAuthentication" name="testBasicAuth" time="3.919"/>
  <system-out/>
  <testcase classname="TypesofAuthorization.BasicAuthentication" name="testDigestAuth" time="1.605"/>
  <system-out/>
  <testcase classname="TypesofAuthorization.BasicAuthentication" name="testPreemptiveAuth" time="1.354"/>
  <system-out/>
</testsuite> <!-- TypesofAuthorization.BasicAuthentication -->
