<?xml version="1.0" encoding="UTF-8"?>
<!-- Generated by org.testng.reporters.JUnitReportReporter -->
<testsuite hostname="ENCDAPPUNLT0302" failures="0" tests="1" name="TestClassPackages.WaysToCreateRequest" time="1.505" errors="0" timestamp="2024-02-13T14:37:09 IST" skipped="0">
  <testcase classname="TestClassPackages.WaysToCreateRequest" name="testDeleteUser" time="1.505"/>
  <system-out/>
</testsuite> <!-- TestClassPackages.WaysToCreateRequest -->
