<?xml version="1.0" encoding="UTF-8"?>
<!-- Generated by org.testng.reporters.JUnitReportReporter -->
<testsuite hostname="ENCDAPPUNLT0302" failures="0" tests="1" name="Classes.LoggingDemo" time="1.770" errors="0" timestamp="2023-12-29T11:48:01 IST" skipped="0">
  <testcase classname="Classes.LoggingDemo" name="testlog" time="1.770"/>
  <system-out/>
</testsuite> <!-- Classes.LoggingDemo -->
