<?xml version="1.0" encoding="UTF-8"?>
<!-- Generated by org.testng.reporters.JUnitReportReporter -->
<testsuite hostname="ENCDAPPUNLT0302" failures="0" tests="2" name="TypesofAuthorization.NextTypeofAuthentication" time="3.791" errors="0" timestamp="2024-01-04T15:07:35 IST" skipped="0">
  <testcase classname="TypesofAuthorization.NextTypeofAuthentication" name="testBearerToken" time="3.166"/>
  <system-out/>
  <testcase classname="TypesofAuthorization.NextTypeofAuthentication" name="testOauth2" time="0.625"/>
  <system-out/>
</testsuite> <!-- TypesofAuthorization.NextTypeofAuthentication -->
