<?xml version="1.0" encoding="UTF-8"?>
<!-- Generated by org.testng.reporters.JUnitReportReporter -->
<testsuite hostname="ENCDAPPUNLT0302" failures="0" tests="1" name="Apichaining.DeleteUser" time="1.718" errors="0" timestamp="2024-02-21T19:56:27 IST" skipped="0">
  <testcase classname="Apichaining.DeleteUser" name="deleteuser" time="1.718"/>
  <system-out/>
</testsuite> <!-- Apichaining.DeleteUser -->
