<?xml version="1.0" encoding="UTF-8"?>
<!-- Generated by org.testng.reporters.JUnitReportReporter -->
<testsuite hostname="ENCDAPPUNLT0302" failures="0" tests="1" name="TestClassPackages.UsingJsonLibrary" time="1.992" errors="0" timestamp="2024-02-13T14:38:33 IST" skipped="0">
  <testcase classname="TestClassPackages.UsingJsonLibrary" name="testPostUsingJsonLibrary" time="1.992"/>
  <system-out/>
</testsuite> <!-- TestClassPackages.UsingJsonLibrary -->
