<?xml version="1.0" encoding="UTF-8"?>
<!-- Generated by org.testng.reporters.JUnitReportReporter -->
<testsuite hostname="ENCDAPPUNLT0302" failures="0" tests="1" name="Class3.JsonSchemaValidation" time="2.122" errors="0" timestamp="2024-01-03T14:30:05 IST" skipped="0">
  <testcase classname="Class3.JsonSchemaValidation" name="testjsonschemavalidation" time="2.122"/>
  <system-out/>
</testsuite> <!-- Class3.JsonSchemaValidation -->
