<?xml version="1.0" encoding="UTF-8"?>
<!-- Generated by org.testng.reporters.JUnitReportReporter -->
<testsuite hostname="ENCDAPPUNLT0302" failures="0" tests="1" name="Classes.PathandQueryParameters" time="1.870" errors="0" timestamp="2023-12-28T13:06:20 IST" skipped="0">
  <testcase classname="Classes.PathandQueryParameters" name="testPathParameter" time="1.870"/>
  <system-out/>
</testsuite> <!-- Classes.PathandQueryParameters -->
