<?xml version="1.0" encoding="UTF-8"?>
<!-- Generated by org.testng.reporters.JUnitReportReporter -->
<testsuite hostname="ENCDAPPUNLT0302" failures="0" tests="1" name="Class2.LoggingDemo" time="2.245" errors="0" timestamp="2023-12-29T12:35:00 IST" skipped="0">
  <testcase classname="Class2.LoggingDemo" name="testlog" time="2.245"/>
  <system-out/>
</testsuite> <!-- Class2.LoggingDemo -->
