<?xml version="1.0" encoding="UTF-8"?>
<!-- Generated by org.testng.reporters.JUnitReportReporter -->
<testsuite hostname="ENCDAPPUNLT0302" failures="0" tests="1" name="Class3.Deserialization" time="0.235" errors="0" timestamp="2024-01-05T14:01:13 IST" skipped="0">
  <testcase classname="Class3.Deserialization" name="testDeserialization" time="0.235"/>
  <system-out/>
</testsuite> <!-- Class3.Deserialization -->
