<?xml version="1.0" encoding="UTF-8"?>
<!-- Generated by org.testng.reporters.JUnitReportReporter -->
<testsuite hostname="ENCDAPPUNLT0302" failures="0" tests="2" name="Classes.DiffrentwaystoCreateRequest" time="2.239" errors="0" timestamp="2023-12-27T11:40:07 IST" skipped="0">
  <testcase classname="Classes.DiffrentwaystoCreateRequest" name="usingHashMap" time="2.176"/>
  <system-out/>
  <testcase classname="Classes.DiffrentwaystoCreateRequest" name="testDelete" time="0.063"/>
  <system-out/>
</testsuite> <!-- Classes.DiffrentwaystoCreateRequest -->
