<?xml version="1.0" encoding="UTF-8"?>
<!-- Generated by org.testng.reporters.JUnitReportReporter -->
<testsuite hostname="ENCDAPPUNLT0302" failures="0" tests="1" name="TestPackage.XmlSchemaValidation" time="2.064" errors="0" timestamp="2024-02-19T20:18:03 IST" skipped="0">
  <testcase classname="TestPackage.XmlSchemaValidation" name="testxmlschemavalidation" time="2.064"/>
  <system-out/>
</testsuite> <!-- TestPackage.XmlSchemaValidation -->
