<?xml version="1.0" encoding="UTF-8"?>
<!-- Generated by org.testng.reporters.JUnitReportReporter -->
<testsuite hostname="ENCDAPPUNLT0302" failures="0" tests="1" name="TestPackage.SerializationAndDeserialization" time="0.301" errors="0" timestamp="2024-02-19T20:27:04 IST" skipped="0">
  <testcase classname="TestPackage.SerializationAndDeserialization" name="convertJsonToPojo" time="0.301"/>
  <system-out/>
</testsuite> <!-- TestPackage.SerializationAndDeserialization -->
