<?xml version="1.0" encoding="UTF-8"?>
<!-- Generated by org.testng.reporters.JUnitReportReporter -->
<testsuite hostname="ENCDAPPUNLT0302" failures="0" tests="1" name="Class2.PathandQueryParameters" time="2.670" errors="0" timestamp="2023-12-29T12:33:07 IST" skipped="0">
  <testcase classname="Class2.PathandQueryParameters" name="testPathParameter" time="2.670"/>
  <system-out/>
</testsuite> <!-- Class2.PathandQueryParameters -->
