<?xml version="1.0" encoding="UTF-8"?>
<!-- Generated by org.testng.reporters.JUnitReportReporter -->
<testsuite hostname="ENCDAPPUNLT0302" failures="0" tests="1" name="Apichaining.CreateUser" time="5.758" errors="0" timestamp="2024-02-21T19:56:27 IST" skipped="0">
  <testcase classname="Apichaining.CreateUser" name="createuser" time="5.758"/>
  <system-out/>
</testsuite> <!-- Apichaining.CreateUser -->
